<?xml version="1.0" encoding="UTF-8"?>
<!-- Generated by org.testng.reporters.JUnitReportReporter -->
<testsuite hostname="LAPTOP-J7JVCU8O" failures="0" tests="1" name="agent_registration.Dashboard_TC" time="25.086" errors="0" timestamp="2024-07-04T16:28:48 IST" skipped="0">
  <testcase classname="agent_registration.Dashboard_TC" name="logoutFunctionality" time="25.086"/>
  <system-out/>
</testsuite> <!-- agent_registration.Dashboard_TC -->
