<?xml version="1.0" encoding="UTF-8"?>
<!-- Generated by org.testng.reporters.JUnitReportReporter -->
<testsuite hostname="LAPTOP-J7JVCU8O" failures="0" tests="4" name="com.bluechip_Agent.Dashboard_TC" time="41.379" errors="0" timestamp="2024-07-05T12:03:25 IST" skipped="3">
  <testcase classname="com.bluechip_Agent.Dashboard_TC" name="sideMenuBar" time="41.379"/>
  <system-out/>
  <testcase classname="com.bluechip_Agent.Dashboard_TC" name="logoutFunctionality_TC003">
    <skipped/>
  </testcase> <!-- logoutFunctionality_TC003 -->
  <system-out/>
  <testcase classname="com.bluechip_Agent.Dashboard_TC" name="pageTitleVerification_TC002">
    <skipped/>
  </testcase> <!-- pageTitleVerification_TC002 -->
  <system-out/>
  <testcase classname="com.bluechip_Agent.Dashboard_TC" name="searchFieldFunctionality_TC001">
    <skipped/>
  </testcase> <!-- searchFieldFunctionality_TC001 -->
  <system-out/>
</testsuite> <!-- com.bluechip_Agent.Dashboard_TC -->
