<?xml version="1.0" encoding="UTF-8"?>
<!-- Generated by org.testng.reporters.JUnitReportReporter -->
<testsuite hostname="LAPTOP-J7JVCU8O" failures="0" tests="3" name="FileUpload" time="0.764" errors="0" timestamp="2024-06-28T18:33:21 IST" skipped="1">
  <testcase classname="FileUpload" name="clickRegister" time="0.687"/>
  <system-out/>
  <testcase classname="FileUpload" name="clickAgent" time="0.077"/>
  <system-out/>
  <testcase classname="FileUpload" name="testRegistration" time="0.000">
    <skipped/>
  </testcase> <!-- testRegistration -->
  <system-out/>
</testsuite> <!-- FileUpload -->
