<?xml version="1.0" encoding="UTF-8"?>
<!-- Generated by org.testng.reporters.JUnitReportReporter -->
<testsuite hostname="LAPTOP-J7JVCU8O" failures="0" tests="3" name="com.bluechip_Agent.Profile" time="26.722" errors="0" timestamp="2024-07-05T16:51:06 IST" skipped="2">
  <testcase classname="com.bluechip_Agent.Profile" name="EditDetails" time="26.722"/>
  <system-out/>
  <testcase classname="com.bluechip_Agent.Profile" name="socialMediaLinks">
    <skipped/>
  </testcase> <!-- socialMediaLinks -->
  <system-out/>
  <testcase classname="com.bluechip_Agent.Profile" name="pageTitle_TC001">
    <skipped/>
  </testcase> <!-- pageTitle_TC001 -->
  <system-out/>
</testsuite> <!-- com.bluechip_Agent.Profile -->
